<?xml version="1.0" encoding="UTF-8"?>
<!-- Generated by org.testng.reporters.JUnitReportReporter -->
<testsuite hostname="VishalBande" failures="0" tests="5" name="testCases.TC_003_LoginDDT" time="39.948" errors="0" timestamp="2024-07-04T22:31:04 IST" skipped="0">
  <testcase classname="testCases.TC_003_LoginDDT" name="Verify_LoginDDT" time="1.987"/>
  <testcase classname="testCases.TC_003_LoginDDT" name="Verify_LoginDDT" time="2.650"/>
  <testcase classname="testCases.TC_003_LoginDDT" name="Verify_LoginDDT" time="11.736"/>
  <testcase classname="testCases.TC_003_LoginDDT" name="Verify_LoginDDT" time="11.361"/>
  <testcase classname="testCases.TC_003_LoginDDT" name="Verify_LoginDDT" time="12.214"/>
</testsuite> <!-- testCases.TC_003_LoginDDT -->
